{"/Users/michaelwinslow/2018/tyler/github-battle/app/App.js": {"path":"/Users/michaelwinslow/2018/tyler/github-battle/app/App.js","statementMap":{"0":{"start":{"line":13,"column":4},"end":{"line":26,"column":5}},"1":{"start":{"line":22,"column":33},"end":{"line":22,"column":49}}},"fnMap":{"0":{"name":"(anonymous_0)","decl":{"start":{"line":12,"column":2},"end":{"line":12,"column":3}},"loc":{"start":{"line":12,"column":10},"end":{"line":27,"column":3}},"line":12},"1":{"name":"(anonymous_1)","decl":{"start":{"line":22,"column":27},"end":{"line":22,"column":28}},"loc":{"start":{"line":22,"column":33},"end":{"line":22,"column":49}},"line":22}},"branchMap":{},"s":{"0":1,"1":0},"f":{"0":1,"1":0},"b":{},"_coverageSchema":"332fd63041d2c1bcb487cc26dd0d5f7d97098a6c","hash":"f0040d76dcfffd717ac9427cab79c2d5db80ad5f"}
,"/Users/michaelwinslow/2018/tyler/github-battle/app/setupTests.js": {"path":"/Users/michaelwinslow/2018/tyler/github-battle/app/setupTests.js","statementMap":{"0":{"start":{"line":4,"column":0},"end":{"line":4,"column":38}}},"fnMap":{},"branchMap":{},"s":{"0":2},"f":{},"b":{},"_coverageSchema":"332fd63041d2c1bcb487cc26dd0d5f7d97098a6c","hash":"98ff46eae20970a149ccdae36eaa95281814d49a"}
,"/Users/michaelwinslow/2018/tyler/github-battle/app/components/Battle.js": {"path":"/Users/michaelwinslow/2018/tyler/github-battle/app/components/Battle.js","statementMap":{"0":{"start":{"line":22,"column":18},"end":{"line":22,"column":32}},"1":{"start":{"line":24,"column":4},"end":{"line":24,"column":45}},"2":{"start":{"line":24,"column":25},"end":{"line":24,"column":43}},"3":{"start":{"line":28,"column":4},"end":{"line":28,"column":23}},"4":{"start":{"line":30,"column":4},"end":{"line":33,"column":5}},"5":{"start":{"line":37,"column":25},"end":{"line":37,"column":35}},"6":{"start":{"line":38,"column":22},"end":{"line":38,"column":32}},"7":{"start":{"line":39,"column":4},"end":{"line":57,"column":5}},"8":{"start":{"line":70,"column":4},"end":{"line":73,"column":7}},"9":{"start":{"line":70,"column":25},"end":{"line":73,"column":5}},"10":{"start":{"line":77,"column":4},"end":{"line":80,"column":7}},"11":{"start":{"line":77,"column":25},"end":{"line":80,"column":5}},"12":{"start":{"line":84,"column":22},"end":{"line":84,"column":32}},"13":{"start":{"line":85,"column":77},"end":{"line":85,"column":87}},"14":{"start":{"line":87,"column":4},"end":{"line":135,"column":5}},"15":{"start":{"line":102,"column":33},"end":{"line":102,"column":62}},"16":{"start":{"line":119,"column":33},"end":{"line":119,"column":62}}},"fnMap":{"0":{"name":"(anonymous_0)","decl":{"start":{"line":21,"column":17},"end":{"line":21,"column":18}},"loc":{"start":{"line":21,"column":24},"end":{"line":25,"column":3}},"line":21},"1":{"name":"(anonymous_1)","decl":{"start":{"line":24,"column":18},"end":{"line":24,"column":19}},"loc":{"start":{"line":24,"column":25},"end":{"line":24,"column":43}},"line":24},"2":{"name":"(anonymous_2)","decl":{"start":{"line":27,"column":17},"end":{"line":27,"column":18}},"loc":{"start":{"line":27,"column":24},"end":{"line":34,"column":3}},"line":27},"3":{"name":"(anonymous_3)","decl":{"start":{"line":36,"column":2},"end":{"line":36,"column":3}},"loc":{"start":{"line":36,"column":10},"end":{"line":58,"column":3}},"line":36},"4":{"name":"(anonymous_4)","decl":{"start":{"line":69,"column":17},"end":{"line":69,"column":18}},"loc":{"start":{"line":69,"column":35},"end":{"line":74,"column":3}},"line":69},"5":{"name":"(anonymous_5)","decl":{"start":{"line":70,"column":18},"end":{"line":70,"column":19}},"loc":{"start":{"line":70,"column":25},"end":{"line":73,"column":5}},"line":70},"6":{"name":"(anonymous_6)","decl":{"start":{"line":76,"column":16},"end":{"line":76,"column":17}},"loc":{"start":{"line":76,"column":24},"end":{"line":81,"column":3}},"line":76},"7":{"name":"(anonymous_7)","decl":{"start":{"line":77,"column":18},"end":{"line":77,"column":19}},"loc":{"start":{"line":77,"column":25},"end":{"line":80,"column":5}},"line":77},"8":{"name":"(anonymous_8)","decl":{"start":{"line":83,"column":2},"end":{"line":83,"column":3}},"loc":{"start":{"line":83,"column":10},"end":{"line":136,"column":3}},"line":83},"9":{"name":"(anonymous_9)","decl":{"start":{"line":102,"column":27},"end":{"line":102,"column":28}},"loc":{"start":{"line":102,"column":33},"end":{"line":102,"column":62}},"line":102},"10":{"name":"(anonymous_10)","decl":{"start":{"line":119,"column":27},"end":{"line":119,"column":28}},"loc":{"start":{"line":119,"column":33},"end":{"line":119,"column":62}},"line":119}},"branchMap":{"0":{"loc":{"start":{"line":90,"column":11},"end":{"line":95,"column":14}},"type":"binary-expr","locations":[{"start":{"line":90,"column":11},"end":{"line":90,"column":25}},{"start":{"line":91,"column":12},"end":{"line":95,"column":14}}],"line":90},"1":{"loc":{"start":{"line":96,"column":11},"end":{"line":105,"column":28}},"type":"binary-expr","locations":[{"start":{"line":96,"column":11},"end":{"line":96,"column":34}},{"start":{"line":97,"column":12},"end":{"line":105,"column":28}}],"line":96},"2":{"loc":{"start":{"line":107,"column":11},"end":{"line":112,"column":14}},"type":"binary-expr","locations":[{"start":{"line":107,"column":11},"end":{"line":107,"column":25}},{"start":{"line":108,"column":12},"end":{"line":112,"column":14}}],"line":107},"3":{"loc":{"start":{"line":113,"column":11},"end":{"line":122,"column":28}},"type":"binary-expr","locations":[{"start":{"line":113,"column":11},"end":{"line":113,"column":34}},{"start":{"line":114,"column":12},"end":{"line":122,"column":28}}],"line":113},"4":{"loc":{"start":{"line":125,"column":9},"end":{"line":133,"column":17}},"type":"binary-expr","locations":[{"start":{"line":125,"column":9},"end":{"line":125,"column":23}},{"start":{"line":125,"column":27},"end":{"line":125,"column":41}},{"start":{"line":126,"column":10},"end":{"line":133,"column":17}}],"line":125}},"s":{"0":0,"1":0,"2":0,"3":0,"4":0,"5":0,"6":0,"7":0,"8":0,"9":0,"10":0,"11":0,"12":0,"13":0,"14":0,"15":0,"16":0},"f":{"0":0,"1":0,"2":0,"3":0,"4":0,"5":0,"6":0,"7":0,"8":0,"9":0,"10":0},"b":{"0":[0,0],"1":[0,0],"2":[0,0],"3":[0,0],"4":[0,0,0]},"_coverageSchema":"332fd63041d2c1bcb487cc26dd0d5f7d97098a6c","hash":"2162e916dce9a7a076a8fa27cfc651ab3d1a8dd2"}
,"/Users/michaelwinslow/2018/tyler/github-battle/app/components/Home.js": {"path":"/Users/michaelwinslow/2018/tyler/github-battle/app/components/Home.js","statementMap":{"0":{"start":{"line":6,"column":4},"end":{"line":12,"column":5}}},"fnMap":{"0":{"name":"(anonymous_0)","decl":{"start":{"line":5,"column":2},"end":{"line":5,"column":3}},"loc":{"start":{"line":5,"column":10},"end":{"line":13,"column":3}},"line":5}},"branchMap":{},"s":{"0":1},"f":{"0":1},"b":{},"_coverageSchema":"332fd63041d2c1bcb487cc26dd0d5f7d97098a6c","hash":"39caf8020bd162b81c620876bed8aae15fbb76f9"}
,"/Users/michaelwinslow/2018/tyler/github-battle/app/components/Loading.js": {"path":"/Users/michaelwinslow/2018/tyler/github-battle/app/components/Loading.js","statementMap":{"0":{"start":{"line":4,"column":15},"end":{"line":9,"column":1}},"1":{"start":{"line":25,"column":28},"end":{"line":25,"column":38}},"2":{"start":{"line":26,"column":20},"end":{"line":26,"column":32}},"3":{"start":{"line":28,"column":4},"end":{"line":32,"column":13}},"4":{"start":{"line":29,"column":6},"end":{"line":31,"column":72}},"5":{"start":{"line":30,"column":31},"end":{"line":30,"column":56}},"6":{"start":{"line":31,"column":40},"end":{"line":31,"column":70}},"7":{"start":{"line":36,"column":4},"end":{"line":36,"column":40}},"8":{"start":{"line":40,"column":4},"end":{"line":44,"column":5}}},"fnMap":{"0":{"name":"(anonymous_0)","decl":{"start":{"line":24,"column":2},"end":{"line":24,"column":3}},"loc":{"start":{"line":24,"column":22},"end":{"line":33,"column":3}},"line":24},"1":{"name":"(anonymous_1)","decl":{"start":{"line":28,"column":39},"end":{"line":28,"column":40}},"loc":{"start":{"line":28,"column":45},"end":{"line":32,"column":5}},"line":28},"2":{"name":"(anonymous_2)","decl":{"start":{"line":30,"column":24},"end":{"line":30,"column":25}},"loc":{"start":{"line":30,"column":31},"end":{"line":30,"column":56}},"line":30},"3":{"name":"(anonymous_3)","decl":{"start":{"line":31,"column":24},"end":{"line":31,"column":25}},"loc":{"start":{"line":31,"column":40},"end":{"line":31,"column":70}},"line":31},"4":{"name":"(anonymous_4)","decl":{"start":{"line":35,"column":2},"end":{"line":35,"column":3}},"loc":{"start":{"line":35,"column":25},"end":{"line":37,"column":3}},"line":35},"5":{"name":"(anonymous_5)","decl":{"start":{"line":39,"column":2},"end":{"line":39,"column":3}},"loc":{"start":{"line":39,"column":10},"end":{"line":45,"column":3}},"line":39}},"branchMap":{"0":{"loc":{"start":{"line":29,"column":6},"end":{"line":31,"column":72}},"type":"cond-expr","locations":[{"start":{"line":30,"column":10},"end":{"line":30,"column":58}},{"start":{"line":31,"column":10},"end":{"line":31,"column":72}}],"line":29}},"s":{"0":1,"1":0,"2":0,"3":0,"4":0,"5":0,"6":0,"7":0,"8":0},"f":{"0":0,"1":0,"2":0,"3":0,"4":0,"5":0},"b":{"0":[0,0]},"_coverageSchema":"332fd63041d2c1bcb487cc26dd0d5f7d97098a6c","hash":"c137a9a4b870ec2694bbbad7da3fa16363803fbe"}
,"/Users/michaelwinslow/2018/tyler/github-battle/app/components/Nav.js": {"path":"/Users/michaelwinslow/2018/tyler/github-battle/app/components/Nav.js","statementMap":{"0":{"start":{"line":4,"column":12},"end":{"line":24,"column":1}},"1":{"start":{"line":5,"column":2},"end":{"line":23,"column":3}}},"fnMap":{"0":{"name":"(anonymous_0)","decl":{"start":{"line":4,"column":12},"end":{"line":4,"column":13}},"loc":{"start":{"line":4,"column":18},"end":{"line":24,"column":1}},"line":4}},"branchMap":{},"s":{"0":1,"1":0},"f":{"0":0},"b":{},"_coverageSchema":"332fd63041d2c1bcb487cc26dd0d5f7d97098a6c","hash":"ba585891db4e63a342b62ed36eff8ce231cc5037"}
,"/Users/michaelwinslow/2018/tyler/github-battle/app/components/PlayerPreview.js": {"path":"/Users/michaelwinslow/2018/tyler/github-battle/app/components/PlayerPreview.js","statementMap":{"0":{"start":{"line":4,"column":22},"end":{"line":18,"column":1}},"1":{"start":{"line":5,"column":2},"end":{"line":17,"column":3}},"2":{"start":{"line":20,"column":0},"end":{"line":23,"column":1}}},"fnMap":{"0":{"name":"(anonymous_0)","decl":{"start":{"line":4,"column":22},"end":{"line":4,"column":23}},"loc":{"start":{"line":4,"column":58},"end":{"line":18,"column":1}},"line":4}},"branchMap":{},"s":{"0":1,"1":0,"2":1},"f":{"0":0},"b":{},"_coverageSchema":"332fd63041d2c1bcb487cc26dd0d5f7d97098a6c","hash":"8cb44584ca4724ee7291ba3a949bc03a09e95158"}
,"/Users/michaelwinslow/2018/tyler/github-battle/app/components/Popular.js": {"path":"/Users/michaelwinslow/2018/tyler/github-battle/app/components/Popular.js","statementMap":{"0":{"start":{"line":6,"column":23},"end":{"line":20,"column":1}},"1":{"start":{"line":7,"column":20},"end":{"line":7,"column":74}},"2":{"start":{"line":8,"column":2},"end":{"line":19,"column":3}},"3":{"start":{"line":11,"column":8},"end":{"line":16,"column":13}},"4":{"start":{"line":13,"column":25},"end":{"line":13,"column":39}},"5":{"start":{"line":22,"column":17},"end":{"line":43,"column":1}},"6":{"start":{"line":23,"column":2},"end":{"line":42,"column":3}},"7":{"start":{"line":26,"column":8},"end":{"line":39,"column":13}},"8":{"start":{"line":45,"column":0},"end":{"line":47,"column":1}},"9":{"start":{"line":49,"column":0},"end":{"line":52,"column":1}},"10":{"start":{"line":61,"column":4},"end":{"line":61,"column":53}},"11":{"start":{"line":65,"column":4},"end":{"line":68,"column":8}},"12":{"start":{"line":65,"column":25},"end":{"line":68,"column":5}},"13":{"start":{"line":70,"column":18},"end":{"line":70,"column":47}},"14":{"start":{"line":71,"column":4},"end":{"line":71,"column":36}},"15":{"start":{"line":71,"column":25},"end":{"line":71,"column":34}},"16":{"start":{"line":75,"column":40},"end":{"line":75,"column":50}},"17":{"start":{"line":76,"column":4},"end":{"line":86,"column":5}}},"fnMap":{"0":{"name":"(anonymous_0)","decl":{"start":{"line":6,"column":23},"end":{"line":6,"column":24}},"loc":{"start":{"line":6,"column":59},"end":{"line":20,"column":1}},"line":6},"1":{"name":"(anonymous_1)","decl":{"start":{"line":10,"column":21},"end":{"line":10,"column":22}},"loc":{"start":{"line":11,"column":8},"end":{"line":16,"column":13}},"line":11},"2":{"name":"(anonymous_2)","decl":{"start":{"line":13,"column":19},"end":{"line":13,"column":20}},"loc":{"start":{"line":13,"column":25},"end":{"line":13,"column":39}},"line":13},"3":{"name":"(anonymous_3)","decl":{"start":{"line":22,"column":17},"end":{"line":22,"column":18}},"loc":{"start":{"line":22,"column":32},"end":{"line":43,"column":1}},"line":22},"4":{"name":"(anonymous_4)","decl":{"start":{"line":25,"column":17},"end":{"line":25,"column":18}},"loc":{"start":{"line":26,"column":8},"end":{"line":39,"column":13}},"line":26},"5":{"name":"(anonymous_5)","decl":{"start":{"line":60,"column":2},"end":{"line":60,"column":3}},"loc":{"start":{"line":60,"column":22},"end":{"line":62,"column":3}},"line":60},"6":{"name":"(anonymous_6)","decl":{"start":{"line":64,"column":19},"end":{"line":64,"column":20}},"loc":{"start":{"line":64,"column":35},"end":{"line":72,"column":3}},"line":64},"7":{"name":"(anonymous_7)","decl":{"start":{"line":65,"column":18},"end":{"line":65,"column":19}},"loc":{"start":{"line":65,"column":25},"end":{"line":68,"column":5}},"line":65},"8":{"name":"(anonymous_8)","decl":{"start":{"line":71,"column":18},"end":{"line":71,"column":19}},"loc":{"start":{"line":71,"column":25},"end":{"line":71,"column":34}},"line":71},"9":{"name":"(anonymous_9)","decl":{"start":{"line":74,"column":2},"end":{"line":74,"column":3}},"loc":{"start":{"line":74,"column":10},"end":{"line":87,"column":3}},"line":74}},"branchMap":{"0":{"loc":{"start":{"line":12,"column":17},"end":{"line":12,"column":70}},"type":"cond-expr","locations":[{"start":{"line":12,"column":45},"end":{"line":12,"column":64}},{"start":{"line":12,"column":66},"end":{"line":12,"column":70}}],"line":12},"1":{"loc":{"start":{"line":82,"column":9},"end":{"line":84,"column":38}},"type":"cond-expr","locations":[{"start":{"line":83,"column":12},"end":{"line":83,"column":23}},{"start":{"line":84,"column":12},"end":{"line":84,"column":38}}],"line":82}},"s":{"0":1,"1":0,"2":0,"3":0,"4":0,"5":1,"6":0,"7":0,"8":1,"9":1,"10":0,"11":0,"12":0,"13":0,"14":0,"15":0,"16":0,"17":0},"f":{"0":0,"1":0,"2":0,"3":0,"4":0,"5":0,"6":0,"7":0,"8":0,"9":0},"b":{"0":[0,0],"1":[0,0]},"_coverageSchema":"332fd63041d2c1bcb487cc26dd0d5f7d97098a6c","hash":"5827925f312267be8262652e5f64fd56179868ce"}
,"/Users/michaelwinslow/2018/tyler/github-battle/app/components/Results.js": {"path":"/Users/michaelwinslow/2018/tyler/github-battle/app/components/Results.js","statementMap":{"0":{"start":{"line":9,"column":16},"end":{"line":23,"column":1}},"1":{"start":{"line":10,"column":2},"end":{"line":22,"column":3}},"2":{"start":{"line":25,"column":0},"end":{"line":27,"column":1}},"3":{"start":{"line":29,"column":15},"end":{"line":37,"column":1}},"4":{"start":{"line":30,"column":2},"end":{"line":36,"column":3}},"5":{"start":{"line":39,"column":0},"end":{"line":43,"column":1}},"6":{"start":{"line":54,"column":45},"end":{"line":54,"column":90}},"7":{"start":{"line":56,"column":20},"end":{"line":59,"column":6}},"8":{"start":{"line":61,"column":4},"end":{"line":66,"column":5}},"9":{"start":{"line":62,"column":6},"end":{"line":65,"column":9}},"10":{"start":{"line":62,"column":35},"end":{"line":65,"column":7}},"11":{"start":{"line":67,"column":4},"end":{"line":72,"column":8}},"12":{"start":{"line":67,"column":25},"end":{"line":72,"column":5}},"13":{"start":{"line":76,"column":46},"end":{"line":76,"column":56}},"14":{"start":{"line":78,"column":4},"end":{"line":80,"column":5}},"15":{"start":{"line":79,"column":6},"end":{"line":79,"column":24}},"16":{"start":{"line":82,"column":4},"end":{"line":89,"column":5}},"17":{"start":{"line":83,"column":6},"end":{"line":88,"column":7}},"18":{"start":{"line":91,"column":4},"end":{"line":104,"column":5}}},"fnMap":{"0":{"name":"(anonymous_0)","decl":{"start":{"line":9,"column":16},"end":{"line":9,"column":17}},"loc":{"start":{"line":9,"column":30},"end":{"line":23,"column":1}},"line":9},"1":{"name":"(anonymous_1)","decl":{"start":{"line":29,"column":15},"end":{"line":29,"column":16}},"loc":{"start":{"line":29,"column":45},"end":{"line":37,"column":1}},"line":29},"2":{"name":"(anonymous_2)","decl":{"start":{"line":53,"column":2},"end":{"line":53,"column":3}},"loc":{"start":{"line":53,"column":28},"end":{"line":73,"column":3}},"line":53},"3":{"name":"(anonymous_3)","decl":{"start":{"line":62,"column":27},"end":{"line":62,"column":28}},"loc":{"start":{"line":62,"column":35},"end":{"line":65,"column":7}},"line":62},"4":{"name":"(anonymous_4)","decl":{"start":{"line":67,"column":18},"end":{"line":67,"column":19}},"loc":{"start":{"line":67,"column":25},"end":{"line":72,"column":5}},"line":67},"5":{"name":"(anonymous_5)","decl":{"start":{"line":75,"column":2},"end":{"line":75,"column":3}},"loc":{"start":{"line":75,"column":10},"end":{"line":105,"column":3}},"line":75}},"branchMap":{"0":{"loc":{"start":{"line":13,"column":9},"end":{"line":13,"column":42}},"type":"binary-expr","locations":[{"start":{"line":13,"column":9},"end":{"line":13,"column":18}},{"start":{"line":13,"column":22},"end":{"line":13,"column":42}}],"line":13},"1":{"loc":{"start":{"line":14,"column":9},"end":{"line":14,"column":50}},"type":"binary-expr","locations":[{"start":{"line":14,"column":9},"end":{"line":14,"column":22}},{"start":{"line":14,"column":26},"end":{"line":14,"column":50}}],"line":14},"2":{"loc":{"start":{"line":15,"column":9},"end":{"line":15,"column":48}},"type":"binary-expr","locations":[{"start":{"line":15,"column":9},"end":{"line":15,"column":21}},{"start":{"line":15,"column":25},"end":{"line":15,"column":48}}],"line":15},"3":{"loc":{"start":{"line":19,"column":9},"end":{"line":19,"column":66}},"type":"binary-expr","locations":[{"start":{"line":19,"column":9},"end":{"line":19,"column":18}},{"start":{"line":19,"column":22},"end":{"line":19,"column":66}}],"line":19},"4":{"loc":{"start":{"line":61,"column":4},"end":{"line":66,"column":5}},"type":"if","locations":[{"start":{"line":61,"column":4},"end":{"line":66,"column":5}},{"start":{"line":61,"column":4},"end":{"line":66,"column":5}}],"line":61},"5":{"loc":{"start":{"line":78,"column":4},"end":{"line":80,"column":5}},"type":"if","locations":[{"start":{"line":78,"column":4},"end":{"line":80,"column":5}},{"start":{"line":78,"column":4},"end":{"line":80,"column":5}}],"line":78},"6":{"loc":{"start":{"line":82,"column":4},"end":{"line":89,"column":5}},"type":"if","locations":[{"start":{"line":82,"column":4},"end":{"line":89,"column":5}},{"start":{"line":82,"column":4},"end":{"line":89,"column":5}}],"line":82}},"s":{"0":1,"1":0,"2":1,"3":1,"4":0,"5":1,"6":0,"7":0,"8":0,"9":0,"10":0,"11":0,"12":0,"13":0,"14":0,"15":0,"16":0,"17":0,"18":0},"f":{"0":0,"1":0,"2":0,"3":0,"4":0,"5":0},"b":{"0":[0,0],"1":[0,0],"2":[0,0],"3":[0,0],"4":[0,0],"5":[0,0],"6":[0,0]},"_coverageSchema":"332fd63041d2c1bcb487cc26dd0d5f7d97098a6c","hash":"93acc51e1947b7d75c0d6c529b3370b3ad9ee918"}
,"/Users/michaelwinslow/2018/tyler/github-battle/app/utils/api.js": {"path":"/Users/michaelwinslow/2018/tyler/github-battle/app/utils/api.js","statementMap":{"0":{"start":{"line":2,"column":11},"end":{"line":2,"column":27}},"1":{"start":{"line":3,"column":12},"end":{"line":3,"column":28}},"2":{"start":{"line":4,"column":15},"end":{"line":4,"column":54}},"3":{"start":{"line":7,"column":19},"end":{"line":7,"column":83}},"4":{"start":{"line":9,"column":2},"end":{"line":9,"column":25}},"5":{"start":{"line":13,"column":19},"end":{"line":13,"column":102}},"6":{"start":{"line":15,"column":2},"end":{"line":15,"column":25}},"7":{"start":{"line":19,"column":2},"end":{"line":19,"column":84}},"8":{"start":{"line":19,"column":55},"end":{"line":19,"column":79}},"9":{"start":{"line":23,"column":2},"end":{"line":23,"column":47}},"10":{"start":{"line":27,"column":2},"end":{"line":27,"column":22}},"11":{"start":{"line":28,"column":2},"end":{"line":28,"column":14}},"12":{"start":{"line":32,"column":29},"end":{"line":35,"column":4}},"13":{"start":{"line":37,"column":2},"end":{"line":40,"column":3}},"14":{"start":{"line":44,"column":2},"end":{"line":44,"column":51}},"15":{"start":{"line":44,"column":32},"end":{"line":44,"column":49}},"16":{"start":{"line":48,"column":18},"end":{"line":49,"column":23}},"17":{"start":{"line":51,"column":4},"end":{"line":53,"column":29}},"18":{"start":{"line":57,"column":21},"end":{"line":57,"column":155}},"19":{"start":{"line":59,"column":19},"end":{"line":60,"column":23}},"20":{"start":{"line":62,"column":16},"end":{"line":62,"column":37}},"21":{"start":{"line":64,"column":2},"end":{"line":64,"column":21}}},"fnMap":{"0":{"name":"getProfile","decl":{"start":{"line":6,"column":15},"end":{"line":6,"column":25}},"loc":{"start":{"line":6,"column":37},"end":{"line":10,"column":1}},"line":6},"1":{"name":"getRepos","decl":{"start":{"line":12,"column":15},"end":{"line":12,"column":23}},"loc":{"start":{"line":12,"column":33},"end":{"line":16,"column":1}},"line":12},"2":{"name":"getStarCount","decl":{"start":{"line":18,"column":9},"end":{"line":18,"column":21}},"loc":{"start":{"line":18,"column":28},"end":{"line":20,"column":1}},"line":18},"3":{"name":"(anonymous_3)","decl":{"start":{"line":19,"column":22},"end":{"line":19,"column":23}},"loc":{"start":{"line":19,"column":55},"end":{"line":19,"column":79}},"line":19},"4":{"name":"calculateScore","decl":{"start":{"line":22,"column":9},"end":{"line":22,"column":23}},"loc":{"start":{"line":22,"column":45},"end":{"line":24,"column":1}},"line":22},"5":{"name":"handleError","decl":{"start":{"line":26,"column":9},"end":{"line":26,"column":20}},"loc":{"start":{"line":26,"column":27},"end":{"line":29,"column":1}},"line":26},"6":{"name":"getUserData","decl":{"start":{"line":31,"column":15},"end":{"line":31,"column":26}},"loc":{"start":{"line":31,"column":34},"end":{"line":41,"column":1}},"line":31},"7":{"name":"sortPlayers","decl":{"start":{"line":43,"column":9},"end":{"line":43,"column":20}},"loc":{"start":{"line":43,"column":37},"end":{"line":45,"column":1}},"line":43},"8":{"name":"(anonymous_8)","decl":{"start":{"line":44,"column":22},"end":{"line":44,"column":23}},"loc":{"start":{"line":44,"column":32},"end":{"line":44,"column":49}},"line":44},"9":{"name":"battle","decl":{"start":{"line":47,"column":22},"end":{"line":47,"column":28}},"loc":{"start":{"line":47,"column":39},"end":{"line":54,"column":1}},"line":47},"10":{"name":"fetchPopularRepos","decl":{"start":{"line":56,"column":22},"end":{"line":56,"column":39}},"loc":{"start":{"line":56,"column":50},"end":{"line":65,"column":1}},"line":56}},"branchMap":{"0":{"loc":{"start":{"line":51,"column":11},"end":{"line":53,"column":28}},"type":"cond-expr","locations":[{"start":{"line":52,"column":8},"end":{"line":52,"column":15}},{"start":{"line":53,"column":8},"end":{"line":53,"column":28}}],"line":51}},"s":{"0":1,"1":1,"2":1,"3":0,"4":0,"5":0,"6":0,"7":0,"8":0,"9":0,"10":0,"11":0,"12":0,"13":0,"14":0,"15":0,"16":0,"17":0,"18":0,"19":0,"20":0,"21":0},"f":{"0":0,"1":0,"2":0,"3":0,"4":0,"5":0,"6":0,"7":0,"8":0,"9":0,"10":0},"b":{"0":[0,0]},"_coverageSchema":"332fd63041d2c1bcb487cc26dd0d5f7d97098a6c","hash":"2f1d2cebc03adcee84c2a8ade95891b69189ebf3"}
}
