TN:
SF:/Users/michaelwinslow/2018/tyler/github-battle/app/App.js
FN:12,(anonymous_0)
FN:22,(anonymous_1)
FNF:2
FNH:1
FNDA:1,(anonymous_0)
FNDA:0,(anonymous_1)
DA:13,1
DA:22,0
LF:2
LH:1
BRF:0
BRH:0
end_of_record
TN:
SF:/Users/michaelwinslow/2018/tyler/github-battle/app/setupTests.js
FNF:0
FNH:0
DA:4,2
LF:1
LH:1
BRF:0
BRH:0
end_of_record
TN:
SF:/Users/michaelwinslow/2018/tyler/github-battle/app/components/Battle.js
FN:21,(anonymous_0)
FN:24,(anonymous_1)
FN:27,(anonymous_2)
FN:36,(anonymous_3)
FN:69,(anonymous_4)
FN:70,(anonymous_5)
FN:76,(anonymous_6)
FN:77,(anonymous_7)
FN:83,(anonymous_8)
FN:102,(anonymous_9)
FN:119,(anonymous_10)
FNF:11
FNH:0
FNDA:0,(anonymous_0)
FNDA:0,(anonymous_1)
FNDA:0,(anonymous_2)
FNDA:0,(anonymous_3)
FNDA:0,(anonymous_4)
FNDA:0,(anonymous_5)
FNDA:0,(anonymous_6)
FNDA:0,(anonymous_7)
FNDA:0,(anonymous_8)
FNDA:0,(anonymous_9)
FNDA:0,(anonymous_10)
DA:22,0
DA:24,0
DA:28,0
DA:30,0
DA:37,0
DA:38,0
DA:39,0
DA:70,0
DA:77,0
DA:84,0
DA:85,0
DA:87,0
DA:102,0
DA:119,0
LF:14
LH:0
BRDA:90,0,0,0
BRDA:90,0,1,0
BRDA:96,1,0,0
BRDA:96,1,1,0
BRDA:107,2,0,0
BRDA:107,2,1,0
BRDA:113,3,0,0
BRDA:113,3,1,0
BRDA:125,4,0,0
BRDA:125,4,1,0
BRDA:125,4,2,0
BRF:11
BRH:0
end_of_record
TN:
SF:/Users/michaelwinslow/2018/tyler/github-battle/app/components/Home.js
FN:5,(anonymous_0)
FNF:1
FNH:1
FNDA:1,(anonymous_0)
DA:6,1
LF:1
LH:1
BRF:0
BRH:0
end_of_record
TN:
SF:/Users/michaelwinslow/2018/tyler/github-battle/app/components/Loading.js
FN:24,(anonymous_0)
FN:28,(anonymous_1)
FN:30,(anonymous_2)
FN:31,(anonymous_3)
FN:35,(anonymous_4)
FN:39,(anonymous_5)
FNF:6
FNH:0
FNDA:0,(anonymous_0)
FNDA:0,(anonymous_1)
FNDA:0,(anonymous_2)
FNDA:0,(anonymous_3)
FNDA:0,(anonymous_4)
FNDA:0,(anonymous_5)
DA:4,1
DA:25,0
DA:26,0
DA:28,0
DA:29,0
DA:30,0
DA:31,0
DA:36,0
DA:40,0
LF:9
LH:1
BRDA:29,0,0,0
BRDA:29,0,1,0
BRF:2
BRH:0
end_of_record
TN:
SF:/Users/michaelwinslow/2018/tyler/github-battle/app/components/Nav.js
FN:4,(anonymous_0)
FNF:1
FNH:0
FNDA:0,(anonymous_0)
DA:4,1
DA:5,0
LF:2
LH:1
BRF:0
BRH:0
end_of_record
TN:
SF:/Users/michaelwinslow/2018/tyler/github-battle/app/components/PlayerPreview.js
FN:4,(anonymous_0)
FNF:1
FNH:0
FNDA:0,(anonymous_0)
DA:4,1
DA:5,0
DA:20,1
LF:3
LH:2
BRF:0
BRH:0
end_of_record
TN:
SF:/Users/michaelwinslow/2018/tyler/github-battle/app/components/Popular.js
FN:6,(anonymous_0)
FN:10,(anonymous_1)
FN:13,(anonymous_2)
FN:22,(anonymous_3)
FN:25,(anonymous_4)
FN:60,(anonymous_5)
FN:64,(anonymous_6)
FN:65,(anonymous_7)
FN:71,(anonymous_8)
FN:74,(anonymous_9)
FNF:10
FNH:0
FNDA:0,(anonymous_0)
FNDA:0,(anonymous_1)
FNDA:0,(anonymous_2)
FNDA:0,(anonymous_3)
FNDA:0,(anonymous_4)
FNDA:0,(anonymous_5)
FNDA:0,(anonymous_6)
FNDA:0,(anonymous_7)
FNDA:0,(anonymous_8)
FNDA:0,(anonymous_9)
DA:6,1
DA:7,0
DA:8,0
DA:11,0
DA:13,0
DA:22,1
DA:23,0
DA:26,0
DA:45,1
DA:49,1
DA:61,0
DA:65,0
DA:70,0
DA:71,0
DA:75,0
DA:76,0
LF:16
LH:4
BRDA:12,0,0,0
BRDA:12,0,1,0
BRDA:82,1,0,0
BRDA:82,1,1,0
BRF:4
BRH:0
end_of_record
TN:
SF:/Users/michaelwinslow/2018/tyler/github-battle/app/components/Results.js
FN:9,(anonymous_0)
FN:29,(anonymous_1)
FN:53,(anonymous_2)
FN:62,(anonymous_3)
FN:67,(anonymous_4)
FN:75,(anonymous_5)
FNF:6
FNH:0
FNDA:0,(anonymous_0)
FNDA:0,(anonymous_1)
FNDA:0,(anonymous_2)
FNDA:0,(anonymous_3)
FNDA:0,(anonymous_4)
FNDA:0,(anonymous_5)
DA:9,1
DA:10,0
DA:25,1
DA:29,1
DA:30,0
DA:39,1
DA:54,0
DA:56,0
DA:61,0
DA:62,0
DA:67,0
DA:76,0
DA:78,0
DA:79,0
DA:82,0
DA:83,0
DA:91,0
LF:17
LH:4
BRDA:13,0,0,0
BRDA:13,0,1,0
BRDA:14,1,0,0
BRDA:14,1,1,0
BRDA:15,2,0,0
BRDA:15,2,1,0
BRDA:19,3,0,0
BRDA:19,3,1,0
BRDA:61,4,0,0
BRDA:61,4,1,0
BRDA:78,5,0,0
BRDA:78,5,1,0
BRDA:82,6,0,0
BRDA:82,6,1,0
BRF:14
BRH:0
end_of_record
TN:
SF:/Users/michaelwinslow/2018/tyler/github-battle/app/utils/api.js
FN:6,getProfile
FN:12,getRepos
FN:18,getStarCount
FN:19,(anonymous_3)
FN:22,calculateScore
FN:26,handleError
FN:31,getUserData
FN:43,sortPlayers
FN:44,(anonymous_8)
FN:47,battle
FN:56,fetchPopularRepos
FNF:11
FNH:0
FNDA:0,getProfile
FNDA:0,getRepos
FNDA:0,getStarCount
FNDA:0,(anonymous_3)
FNDA:0,calculateScore
FNDA:0,handleError
FNDA:0,getUserData
FNDA:0,sortPlayers
FNDA:0,(anonymous_8)
FNDA:0,battle
FNDA:0,fetchPopularRepos
DA:2,1
DA:3,1
DA:4,1
DA:7,0
DA:9,0
DA:13,0
DA:15,0
DA:19,0
DA:23,0
DA:27,0
DA:28,0
DA:32,0
DA:37,0
DA:44,0
DA:48,0
DA:51,0
DA:57,0
DA:59,0
DA:62,0
DA:64,0
LF:20
LH:3
BRDA:51,0,0,0
BRDA:51,0,1,0
BRF:2
BRH:0
end_of_record
